<?xml version="1.0"?>
<testsuite>
  <properties>
  </properties>
  <testcase name="successful-build-no-tests-found" classname="TestSuite" time="0.0121629"/>
  <system-out></system-out>
</testsuite>
